2025-11-17 22:40:35 INFO  Utils:112 - [TestNG] Running:
  D:\WMS_Refactor_3_6_9_logixgrid\master.xml

2025-11-17 22:49:29 INFO  Utils:112 - [Utils] MethodGroupsHelper.collectMethodsByGroup() took 1 ms.
2025-11-17 22:49:29 INFO  Utils:112 - [Utils] MethodGroupsHelper.sortMethods() took 3 ms.
2025-11-17 22:49:29 INFO  Utils:112 - [Utils] MethodGroupsHelper.collectMethodsByGroup() took 0 ms.
2025-11-17 22:49:29 INFO  Utils:112 - [Utils] MethodGroupsHelper.sortMethods() took 0 ms.
2025-11-17 22:49:29 INFO  Utils:112 - [Utils] MethodGroupsHelper.collectMethodsByGroup() took 0 ms.
2025-11-17 22:49:29 INFO  Utils:112 - [Utils] MethodGroupsHelper.sortMethods() took 0 ms.
2025-11-17 22:49:29 INFO  Utils:112 - [Utils] MethodGroupsHelper.collectMethodsByGroup() took 0 ms.
2025-11-17 22:49:29 INFO  Utils:112 - [Utils] MethodGroupsHelper.sortMethods() took 0 ms.
2025-11-17 22:49:29 INFO  Utils:112 - [Utils] MethodGroupsHelper.collectMethodsByGroup() took 8 ms.
2025-11-17 22:49:29 INFO  Utils:112 - [Utils] MethodGroupsHelper.sortMethods() took 19 ms.
2025-11-17 22:49:29 INFO  Utils:112 - [Utils] MethodGroupsHelper.collectMethodsByGroup() took 0 ms.
2025-11-17 22:49:29 INFO  Utils:112 - [Utils] MethodGroupsHelper.sortMethods() took 0 ms.
2025-11-17 22:49:29 INFO  Utils:112 - [Utils] MethodGroupsHelper.collectMethodsByGroup() took 0 ms.
2025-11-17 22:49:29 INFO  Utils:112 - [Utils] MethodGroupsHelper.sortMethods() took 0 ms.
2025-11-17 22:49:29 INFO  Utils:112 - [Utils] MethodGroupsHelper.collectMethodsByGroup() took 0 ms.
2025-11-17 22:49:29 INFO  Utils:112 - [Utils] MethodGroupsHelper.sortMethods() took 0 ms.
2025-11-17 22:49:29 INFO  Utils:112 - [Utils] MethodGroupsHelper.collectMethodsByGroup() took 0 ms.
2025-11-17 22:49:29 INFO  Utils:112 - [Utils] MethodGroupsHelper.sortMethods() took 0 ms.
2025-11-17 22:49:29 INFO  Utils:112 - [Utils] MethodGroupsHelper.collectMethodsByGroup() took 0 ms.
2025-11-17 22:49:29 INFO  Utils:112 - [Utils] MethodGroupsHelper.sortMethods() took 0 ms.
2025-11-17 22:49:29 INFO  Utils:112 - [Utils] MethodGroupsHelper.collectMethodsByGroup() took 0 ms.
2025-11-17 22:49:29 INFO  Utils:112 - [Utils] MethodGroupsHelper.sortMethods() took 0 ms.
2025-11-17 22:49:29 INFO  Utils:112 - [Utils] MethodGroupsHelper.collectMethodsByGroup() took 0 ms.
2025-11-17 22:49:29 INFO  Utils:112 - [Utils] MethodGroupsHelper.sortMethods() took 0 ms.
2025-11-17 22:49:29 INFO  Utils:112 - [Utils] MethodGroupsHelper.collectMethodsByGroup() took 0 ms.
2025-11-17 22:49:29 INFO  Utils:112 - [Utils] MethodGroupsHelper.sortMethods() took 0 ms.
2025-11-17 22:49:29 INFO  Utils:112 - [Utils] MethodGroupsHelper.collectMethodsByGroup() took 0 ms.
2025-11-17 22:49:29 INFO  Utils:112 - [Utils] MethodGroupsHelper.sortMethods() took 0 ms.
2025-11-17 22:49:29 INFO  Utils:112 - [Utils] MethodGroupsHelper.collectMethodsByGroup() took 0 ms.
2025-11-17 22:49:29 INFO  Utils:112 - [Utils] MethodGroupsHelper.sortMethods() took 0 ms.
2025-11-17 22:49:29 INFO  Utils:112 - [TestNG] Running:
  C:\Users\My\AppData\Local\Temp\testng-eclipse-1751520021\testng-customsuite.xml

2025-11-17 22:49:29 INFO  Utils:112 - [Utils] DynamicGraphHelper.createDynamicGraph() took 8 ms.
2025-11-17 22:49:30 INFO  Utils:112 - [TestNG] Time taken by org.testng.reporters.jq.Main@e6516e: 236 ms
2025-11-17 22:49:30 INFO  Utils:112 - [TestNG] Time taken by org.testng.reporters.FailedReporter@560cbf1a: 70 ms
2025-11-17 22:49:30 INFO  Utils:112 - [TestNG] Time taken by org.testng.reporters.XMLReporter@db44aa2: 48 ms
2025-11-17 22:49:30 INFO  Utils:112 - [TestNG] Time taken by org.testng.reporters.EmailableReporter2@70ab80e3: 60 ms
2025-11-17 22:49:30 INFO  Utils:112 - [TestNG] Time taken by org.testng.reporters.JUnitReportReporter@58c540cf: 42 ms
2025-11-17 22:49:30 INFO  Utils:112 - [TestNG] Time taken by org.testng.internal.ExitCodeListener@3d6300e8: 0 ms
